\BOOKMARK [2][-]{subsection.0.1}{A\040Note\040on\040the\0408\040page\040limit}{}% 1
\BOOKMARK [1][-]{section.1}{Inhibitory-Stabilised\040Network\040\(ISN\)\040and\040Paradoxical\040Inhibition}{}% 2
\BOOKMARK [2][-]{subsection.1.1}{Biological\040Relevance}{section.1}% 3
\BOOKMARK [3][-]{subsubsection.1.1.1}{Interpreting\040the\040terms\040of\040equations\040\(1,2\)}{subsection.1.1}% 4
\BOOKMARK [3][-]{subsubsection.1.1.2}{Biological\040Limitations\040of\040ISN}{subsection.1.1}% 5
\BOOKMARK [3][-]{subsubsection.1.1.3}{Advantages\040of\040ISN\040over\040more\040Biologically\040Realistic\040Models}{subsection.1.1}% 6
\BOOKMARK [2][-]{subsection.1.2}{Simulate\040and\040Plot\040Net\0401\040\(u_E\040=\0401,\040u_I\040=\0401,\040N_t\040=\040500\)}{section.1}% 7
\BOOKMARK [2][-]{subsection.1.3}{Repeat,\040increasing\040u_\173I\175\040to\0402\040after\040500\040time\040steps}{section.1}% 8
\BOOKMARK [2][-]{subsection.1.4}{Repeat\0401.2\040and\0401.3\040for\040Net\0402}{section.1}% 9
\BOOKMARK [2][-]{subsection.1.5}{Simulate\040and\040Plot\040input\040to\040`I'\040cells}{section.1}% 10
\BOOKMARK [2][-]{subsection.1.6}{Increasing\040u_E}{section.1}% 11
\BOOKMARK [2][-]{subsection.1.7}{1.6\040and\040freezing\040r_I}{section.1}% 12
\BOOKMARK [2][-]{subsection.1.8}{Comment\040on\040Inhibition}{section.1}% 13
\BOOKMARK [2][-]{subsection.1.9}{Advantages\040on\040Analytical\040approach}{section.1}% 14
\BOOKMARK [2][-]{subsection.1.10}{Finding\040inhibitory-stabilisation}{section.1}% 15
\BOOKMARK [1][-]{section.2}{Supralinear\040Stabilised\040Network\040\(SSN\)}{}% 16
\BOOKMARK [2][-]{subsection.2.1}{Plot\040\\phi\(x\)\040against\040x}{section.2}% 17
\BOOKMARK [2][-]{subsection.2.2}{Simulate\040with\040u_E\040=\040u_I\040=\0401.}{section.2}% 18
\BOOKMARK [2][-]{subsection.2.3}{Simulate\040u_E\040=\040u_I\040=\040c}{section.2}% 19
\BOOKMARK [2][-]{subsection.2.4}{Contrast-dependence}{section.2}% 20
\BOOKMARK [2][-]{subsection.2.5}{Simulate\040increasing\040u_I}{section.2}% 21
\BOOKMARK [2][-]{subsection.2.6}{Simulate\040with\040and\040without\040freezing\040r_I}{section.2}% 22
\BOOKMARK [2][-]{subsection.2.7}{Commentary}{section.2}% 23
